<?xml version="1.0" encoding="UTF-8"?>
<!-- Generated by org.testng.reporters.JUnitReportReporter -->
<testsuite hostname="Pallavi-Sadhus-MacBook-Air.local" failures="0" tests="2" name="paralleltests.class2" time="0.013" errors="0" timestamp="2023-01-27T08:31:58 CST" skipped="0">
  <testcase classname="paralleltests.class2" name="class2_test2" time="0.003"/>
  <system-out/>
  <testcase classname="paralleltests.class2" name="class2_test1" time="0.010"/>
  <system-out/>
</testsuite> <!-- paralleltests.class2 -->
