<?xml version="1.0" encoding="UTF-8"?>
<!-- Generated by org.testng.reporters.JUnitReportReporter -->
<testsuite hostname="Pallavi-Sadhus-MacBook-Air.local" failures="0" tests="1" name="paralleltests.Class7" time="0.005" errors="0" timestamp="2023-01-27T08:31:58 CST" skipped="0">
  <testcase classname="paralleltests.Class7" name="class7_test1" time="0.005"/>
  <system-out/>
</testsuite> <!-- paralleltests.Class7 -->
