<?xml version="1.0" encoding="UTF-8"?>
<!-- Generated by org.testng.reporters.JUnitReportReporter -->
<testsuite hostname="Pallavi-Sadhus-MacBook-Air.local" failures="0" tests="3" name="paralleltests.Class3" time="0.016" errors="0" timestamp="2023-01-27T08:31:58 CST" skipped="0">
  <testcase classname="paralleltests.Class3" name="class3_test1" time="0.008"/>
  <system-out/>
  <testcase classname="paralleltests.Class3" name="class3_test3" time="0.006"/>
  <system-out/>
  <testcase classname="paralleltests.Class3" name="class3_test2" time="0.002"/>
  <system-out/>
</testsuite> <!-- paralleltests.Class3 -->
