<?xml version="1.0" encoding="UTF-8"?>
<!-- Generated by org.testng.reporters.JUnitReportReporter -->
<testsuite hostname="Pallavi-Sadhus-MacBook-Air.local" failures="0" tests="3" name="paralleltests.Class3" time="0.043" errors="0" timestamp="2023-01-12T22:40:37 CST" skipped="0">
  <testcase classname="paralleltests.Class3" name="class3_test3" time="0.003"/>
  <system-out/>
  <testcase classname="paralleltests.Class3" name="class3_test2" time="0.015"/>
  <system-out/>
  <testcase classname="paralleltests.Class3" name="class3_test1" time="0.025"/>
  <system-out/>
</testsuite> <!-- paralleltests.Class3 -->
