<?xml version="1.0" encoding="UTF-8"?>
<!-- Generated by org.testng.reporters.JUnitReportReporter -->
<testsuite hostname="Pallavi-Sadhus-MacBook-Air.local" failures="0" tests="1" name="paralleltests.Class9" time="0.002" errors="0" timestamp="2023-01-12T22:40:37 CST" skipped="0">
  <testcase classname="paralleltests.Class9" name="class9_test1" time="0.002"/>
  <system-out/>
</testsuite> <!-- paralleltests.Class9 -->
