<?xml version="1.0" encoding="UTF-8"?>
<!-- Generated by org.testng.reporters.JUnitReportReporter -->
<testsuite hostname="Pallavi-Sadhus-MacBook-Air.local" failures="0" tests="2" name="paralleltests.Class8" time="0.014" errors="0" timestamp="2023-01-27T08:31:58 CST" skipped="0">
  <testcase classname="paralleltests.Class8" name="class8_test1" time="0.005"/>
  <system-out/>
  <testcase classname="paralleltests.Class8" name="class8_test1" time="0.009"/>
  <system-out/>
</testsuite> <!-- paralleltests.Class8 -->
