<?xml version="1.0" encoding="UTF-8"?>
<!-- Generated by org.testng.reporters.JUnitReportReporter -->
<testsuite hostname="Pallavi-Sadhus-MacBook-Air.local" failures="0" tests="1" name="paralleltests.Class5" time="0.049" errors="0" timestamp="2023-01-27T08:31:58 CST" skipped="0">
  <testcase classname="paralleltests.Class5" name="class5_test1" time="0.049"/>
  <system-out/>
</testsuite> <!-- paralleltests.Class5 -->
