<?xml version="1.0" encoding="UTF-8"?>
<!-- Generated by org.testng.reporters.JUnitReportReporter -->
<testsuite hostname="Pallavi-Sadhus-MacBook-Air.local" failures="0" tests="2" name="paralleltests.Class1" time="0.014" errors="0" timestamp="2023-01-12T22:40:37 CST" skipped="0">
  <testcase classname="paralleltests.Class1" name="class1_test2" time="0.010"/>
  <system-out/>
  <testcase classname="paralleltests.Class1" name="class1_test1" time="0.004"/>
  <system-out/>
</testsuite> <!-- paralleltests.Class1 -->
