<?xml version="1.0" encoding="UTF-8"?>
<!-- Generated by org.testng.reporters.JUnitReportReporter -->
<testsuite hostname="Pallavi-Sadhus-MacBook-Air.local" failures="0" tests="2" name="paralleltests.class2" time="0.018" errors="0" timestamp="2023-01-12T22:40:37 CST" skipped="0">
  <testcase classname="paralleltests.class2" name="class2_test2" time="0.009"/>
  <system-out/>
  <testcase classname="paralleltests.class2" name="class2_test1" time="0.009"/>
  <system-out/>
</testsuite> <!-- paralleltests.class2 -->
