<?xml version="1.0" encoding="UTF-8"?>
<!-- Generated by org.testng.reporters.JUnitReportReporter -->
<testsuite hostname="Pallavi-Sadhus-MacBook-Air.local" failures="0" tests="2" name="paralleltests.Class1" time="0.016" errors="0" timestamp="2023-01-27T08:31:58 CST" skipped="0">
  <testcase classname="paralleltests.Class1" name="class1_test2" time="0.013"/>
  <system-out/>
  <testcase classname="paralleltests.Class1" name="class1_test1" time="0.003"/>
  <system-out/>
</testsuite> <!-- paralleltests.Class1 -->
